<?xml version="1.0" encoding="UTF-8"?>
<!-- Generated by org.testng.reporters.JUnitXMLReporter -->
<testsuite ignored="0" hostname="LAPTOP-GHM1KK1G" failures="0" tests="7" name="Mobile Automation Tests" time="345.838" errors="0" timestamp="2026-02-16T16:03:37 CST">
  <testcase classname="testCases.LetsShopTest" name="letsShopTest" time="7.424"/>
  <testcase classname="testCases.AddToCartTest" name="addToCartTest" time="23.169"/>
  <testcase classname="testCases.CompletePurchaseTest" name="completePurchaseTest" time="44.604"/>
  <testcase classname="testCases.ShopSelectingUnitedStatesTest" name="selectUnitedStatesAndVerifyProducts" time="156.547"/>
  <testcase classname="testCases.ValidateToastMessageTest" name="validateToastMessageTest" time="7.512"/>
  <testcase classname="testCases.LaunchAppTest" name="launchAppTest" time="3.812"/>
  <testcase classname="testCases.TermsAndConditionsTest" name="verifyTermsAndConditions" time="37.79"/>
</testsuite> <!-- Mobile Automation Tests -->
