<?xml version="1.0" encoding="UTF-8"?>
<!-- Generated by org.testng.reporters.JUnitXMLReporter -->
<testsuite ignored="0" hostname="LAPTOP-GHM1KK1G" failures="0" tests="7" name="Mobile Automation Test Suite" time="290.109" errors="0" timestamp="2026-02-04T14:05:15 CST">
  <testcase classname="testBase.BaseClass" name="@BeforeMethod openApp" time="46.371">
    <failure type="org.openqa.selenium.SessionNotCreatedException" message="Could not start a new session. Response code 500. Message: Error getting device API level. Original error: Error executing adbExec. Original error: &amp;apos;Command &amp;apos;&amp;apos;C:\Users\ACER\AppData\Local\Android\Sdk\platform-tools\adb.exe&amp;apos; -P 5037 -s emulator-5554 shell getprop ro.build.version.sdk&amp;apos; timed out after 20000ms&amp;apos;. Try to increase the 20000ms adb execution timeout represented by &amp;apos;adbExecTimeout&amp;apos; capability 
Host info: host: &amp;apos;LAPTOP-GHM1KK1G&amp;apos;, ip: &amp;apos;192.168.4.31&amp;apos;
Build info: version: &amp;apos;4.40.0&amp;apos;, revision: &amp;apos;b3333f1&amp;apos;
System info: os.name: &amp;apos;Windows 11&amp;apos;, os.arch: &amp;apos;amd64&amp;apos;, os.version: &amp;apos;10.0&amp;apos;, java.version: &amp;apos;21.0.9&amp;apos;
Driver info: io.appium.java_client.android.AndroidDriver
Command: [null, newSession {capabilities=[Capabilities {appium:app: C://Users//ACER//eclipse-wo..., appium:automationName: UiAutomator2, appium:chromedriverExecutable: C://chromedriver-win64//chr..., appium:deviceName: emulator-5554, platformName: ANDROID}]}]
Capabilities {appium:app: C://Users//ACER//eclipse-wo..., appium:automationName: UiAutomator2, appium:chromedriverExecutable: C://chromedriver-win64//chr..., appium:deviceName: emulator-5554, platformName: ANDROID}">
      <![CDATA[org.openqa.selenium.SessionNotCreatedException: Could not start a new session. Response code 500. Message: Error getting device API level. Original error: Error executing adbExec. Original error: 'Command ''C:\Users\ACER\AppData\Local\Android\Sdk\platform-tools\adb.exe' -P 5037 -s emulator-5554 shell getprop ro.build.version.sdk' timed out after 20000ms'. Try to increase the 20000ms adb execution timeout represented by 'adbExecTimeout' capability 
Host info: host: 'LAPTOP-GHM1KK1G', ip: '192.168.4.31'
Build info: version: '4.40.0', revision: 'b3333f1'
System info: os.name: 'Windows 11', os.arch: 'amd64', os.version: '10.0', java.version: '21.0.9'
Driver info: io.appium.java_client.android.AndroidDriver
Command: [null, newSession {capabilities=[Capabilities {appium:app: C://Users//ACER//eclipse-wo..., appium:automationName: UiAutomator2, appium:chromedriverExecutable: C://chromedriver-win64//chr..., appium:deviceName: emulator-5554, platformName: ANDROID}]}]
Capabilities {appium:app: C://Users//ACER//eclipse-wo..., appium:automationName: UiAutomator2, appium:chromedriverExecutable: C://chromedriver-win64//chr..., appium:deviceName: emulator-5554, platformName: ANDROID}
at org.openqa.selenium.remote.ProtocolHandshake.createSession(ProtocolHandshake.java:114)
at org.openqa.selenium.remote.ProtocolHandshake.createSession(ProtocolHandshake.java:75)
at org.openqa.selenium.remote.ProtocolHandshake.createSession(ProtocolHandshake.java:61)
at io.appium.java_client.remote.AppiumCommandExecutor.createSession(AppiumCommandExecutor.java:178)
at io.appium.java_client.remote.AppiumCommandExecutor.execute(AppiumCommandExecutor.java:243)
at org.openqa.selenium.remote.RemoteWebDriver.execute(RemoteWebDriver.java:601)
at io.appium.java_client.AppiumDriver.startSession(AppiumDriver.java:308)
at org.openqa.selenium.remote.RemoteWebDriver.<init>(RemoteWebDriver.java:209)
at org.openqa.selenium.remote.RemoteWebDriver.<init>(RemoteWebDriver.java:195)
at io.appium.java_client.AppiumDriver.<init>(AppiumDriver.java:98)
at io.appium.java_client.AppiumDriver.<init>(AppiumDriver.java:109)
at io.appium.java_client.android.AndroidDriver.<init>(AndroidDriver.java:108)
at testBase.BaseClass.openApp(BaseClass.java:48)
at java.base/java.util.ArrayList.forEach(ArrayList.java:1596)
at java.base/java.util.concurrent.FutureTask.run(FutureTask.java:317)
at java.base/java.util.concurrent.ThreadPoolExecutor.runWorker(ThreadPoolExecutor.java:1144)
at java.base/java.util.concurrent.ThreadPoolExecutor$Worker.run(ThreadPoolExecutor.java:642)
at java.base/java.lang.Thread.run(Thread.java:1583)
... Removed 19 stack frames]]>
    </failure>
  </testcase> <!-- @BeforeMethod openApp -->
  <testcase classname="testBase.BaseClass" name="@AfterMethod closeApp" time="0.0">
    <skipped/>
  </testcase> <!-- @AfterMethod closeApp -->
  <testcase classname="testBase.BaseClass" name="@BeforeMethod openApp" time="40.277">
    <failure type="org.openqa.selenium.SessionNotCreatedException" message="Could not start a new session. Response code 500. Message: Error getting device API level. Original error: Error executing adbExec. Original error: &amp;apos;Command &amp;apos;&amp;apos;C:\Users\ACER\AppData\Local\Android\Sdk\platform-tools\adb.exe&amp;apos; -P 5037 -s emulator-5554 shell getprop ro.build.version.sdk&amp;apos; timed out after 20000ms&amp;apos;. Try to increase the 20000ms adb execution timeout represented by &amp;apos;adbExecTimeout&amp;apos; capability 
Host info: host: &amp;apos;LAPTOP-GHM1KK1G&amp;apos;, ip: &amp;apos;192.168.4.31&amp;apos;
Build info: version: &amp;apos;4.40.0&amp;apos;, revision: &amp;apos;b3333f1&amp;apos;
System info: os.name: &amp;apos;Windows 11&amp;apos;, os.arch: &amp;apos;amd64&amp;apos;, os.version: &amp;apos;10.0&amp;apos;, java.version: &amp;apos;21.0.9&amp;apos;
Driver info: io.appium.java_client.android.AndroidDriver
Command: [null, newSession {capabilities=[Capabilities {appium:app: C://Users//ACER//eclipse-wo..., appium:automationName: UiAutomator2, appium:chromedriverExecutable: C://chromedriver-win64//chr..., appium:deviceName: emulator-5554, platformName: ANDROID}]}]
Capabilities {appium:app: C://Users//ACER//eclipse-wo..., appium:automationName: UiAutomator2, appium:chromedriverExecutable: C://chromedriver-win64//chr..., appium:deviceName: emulator-5554, platformName: ANDROID}">
      <![CDATA[org.openqa.selenium.SessionNotCreatedException: Could not start a new session. Response code 500. Message: Error getting device API level. Original error: Error executing adbExec. Original error: 'Command ''C:\Users\ACER\AppData\Local\Android\Sdk\platform-tools\adb.exe' -P 5037 -s emulator-5554 shell getprop ro.build.version.sdk' timed out after 20000ms'. Try to increase the 20000ms adb execution timeout represented by 'adbExecTimeout' capability 
Host info: host: 'LAPTOP-GHM1KK1G', ip: '192.168.4.31'
Build info: version: '4.40.0', revision: 'b3333f1'
System info: os.name: 'Windows 11', os.arch: 'amd64', os.version: '10.0', java.version: '21.0.9'
Driver info: io.appium.java_client.android.AndroidDriver
Command: [null, newSession {capabilities=[Capabilities {appium:app: C://Users//ACER//eclipse-wo..., appium:automationName: UiAutomator2, appium:chromedriverExecutable: C://chromedriver-win64//chr..., appium:deviceName: emulator-5554, platformName: ANDROID}]}]
Capabilities {appium:app: C://Users//ACER//eclipse-wo..., appium:automationName: UiAutomator2, appium:chromedriverExecutable: C://chromedriver-win64//chr..., appium:deviceName: emulator-5554, platformName: ANDROID}
at org.openqa.selenium.remote.ProtocolHandshake.createSession(ProtocolHandshake.java:114)
at org.openqa.selenium.remote.ProtocolHandshake.createSession(ProtocolHandshake.java:75)
at org.openqa.selenium.remote.ProtocolHandshake.createSession(ProtocolHandshake.java:61)
at io.appium.java_client.remote.AppiumCommandExecutor.createSession(AppiumCommandExecutor.java:178)
at io.appium.java_client.remote.AppiumCommandExecutor.execute(AppiumCommandExecutor.java:243)
at org.openqa.selenium.remote.RemoteWebDriver.execute(RemoteWebDriver.java:601)
at io.appium.java_client.AppiumDriver.startSession(AppiumDriver.java:308)
at org.openqa.selenium.remote.RemoteWebDriver.<init>(RemoteWebDriver.java:209)
at org.openqa.selenium.remote.RemoteWebDriver.<init>(RemoteWebDriver.java:195)
at io.appium.java_client.AppiumDriver.<init>(AppiumDriver.java:98)
at io.appium.java_client.AppiumDriver.<init>(AppiumDriver.java:109)
at io.appium.java_client.android.AndroidDriver.<init>(AndroidDriver.java:108)
at testBase.BaseClass.openApp(BaseClass.java:48)
at java.base/java.util.ArrayList.forEach(ArrayList.java:1596)
at java.base/java.util.concurrent.FutureTask.run(FutureTask.java:317)
at java.base/java.util.concurrent.ThreadPoolExecutor.runWorker(ThreadPoolExecutor.java:1144)
at java.base/java.util.concurrent.ThreadPoolExecutor$Worker.run(ThreadPoolExecutor.java:642)
at java.base/java.lang.Thread.run(Thread.java:1583)
... Removed 19 stack frames]]>
    </failure>
  </testcase> <!-- @BeforeMethod openApp -->
  <testcase classname="testBase.BaseClass" name="@AfterMethod closeApp" time="0.0">
    <skipped/>
  </testcase> <!-- @AfterMethod closeApp -->
  <testcase classname="testBase.BaseClass" name="@BeforeMethod openApp" time="42.392">
    <failure type="org.openqa.selenium.SessionNotCreatedException" message="Could not start a new session. Response code 500. Message: Error getting device API level. Original error: Error executing adbExec. Original error: &amp;apos;Command &amp;apos;&amp;apos;C:\Users\ACER\AppData\Local\Android\Sdk\platform-tools\adb.exe&amp;apos; -P 5037 -s emulator-5554 shell getprop ro.build.version.sdk&amp;apos; timed out after 20000ms&amp;apos;. Try to increase the 20000ms adb execution timeout represented by &amp;apos;adbExecTimeout&amp;apos; capability 
Host info: host: &amp;apos;LAPTOP-GHM1KK1G&amp;apos;, ip: &amp;apos;192.168.4.31&amp;apos;
Build info: version: &amp;apos;4.40.0&amp;apos;, revision: &amp;apos;b3333f1&amp;apos;
System info: os.name: &amp;apos;Windows 11&amp;apos;, os.arch: &amp;apos;amd64&amp;apos;, os.version: &amp;apos;10.0&amp;apos;, java.version: &amp;apos;21.0.9&amp;apos;
Driver info: io.appium.java_client.android.AndroidDriver
Command: [null, newSession {capabilities=[Capabilities {appium:app: C://Users//ACER//eclipse-wo..., appium:automationName: UiAutomator2, appium:chromedriverExecutable: C://chromedriver-win64//chr..., appium:deviceName: emulator-5554, platformName: ANDROID}]}]
Capabilities {appium:app: C://Users//ACER//eclipse-wo..., appium:automationName: UiAutomator2, appium:chromedriverExecutable: C://chromedriver-win64//chr..., appium:deviceName: emulator-5554, platformName: ANDROID}">
      <![CDATA[org.openqa.selenium.SessionNotCreatedException: Could not start a new session. Response code 500. Message: Error getting device API level. Original error: Error executing adbExec. Original error: 'Command ''C:\Users\ACER\AppData\Local\Android\Sdk\platform-tools\adb.exe' -P 5037 -s emulator-5554 shell getprop ro.build.version.sdk' timed out after 20000ms'. Try to increase the 20000ms adb execution timeout represented by 'adbExecTimeout' capability 
Host info: host: 'LAPTOP-GHM1KK1G', ip: '192.168.4.31'
Build info: version: '4.40.0', revision: 'b3333f1'
System info: os.name: 'Windows 11', os.arch: 'amd64', os.version: '10.0', java.version: '21.0.9'
Driver info: io.appium.java_client.android.AndroidDriver
Command: [null, newSession {capabilities=[Capabilities {appium:app: C://Users//ACER//eclipse-wo..., appium:automationName: UiAutomator2, appium:chromedriverExecutable: C://chromedriver-win64//chr..., appium:deviceName: emulator-5554, platformName: ANDROID}]}]
Capabilities {appium:app: C://Users//ACER//eclipse-wo..., appium:automationName: UiAutomator2, appium:chromedriverExecutable: C://chromedriver-win64//chr..., appium:deviceName: emulator-5554, platformName: ANDROID}
at org.openqa.selenium.remote.ProtocolHandshake.createSession(ProtocolHandshake.java:114)
at org.openqa.selenium.remote.ProtocolHandshake.createSession(ProtocolHandshake.java:75)
at org.openqa.selenium.remote.ProtocolHandshake.createSession(ProtocolHandshake.java:61)
at io.appium.java_client.remote.AppiumCommandExecutor.createSession(AppiumCommandExecutor.java:178)
at io.appium.java_client.remote.AppiumCommandExecutor.execute(AppiumCommandExecutor.java:243)
at org.openqa.selenium.remote.RemoteWebDriver.execute(RemoteWebDriver.java:601)
at io.appium.java_client.AppiumDriver.startSession(AppiumDriver.java:308)
at org.openqa.selenium.remote.RemoteWebDriver.<init>(RemoteWebDriver.java:209)
at org.openqa.selenium.remote.RemoteWebDriver.<init>(RemoteWebDriver.java:195)
at io.appium.java_client.AppiumDriver.<init>(AppiumDriver.java:98)
at io.appium.java_client.AppiumDriver.<init>(AppiumDriver.java:109)
at io.appium.java_client.android.AndroidDriver.<init>(AndroidDriver.java:108)
at testBase.BaseClass.openApp(BaseClass.java:48)
at java.base/java.util.ArrayList.forEach(ArrayList.java:1596)
at java.base/java.util.concurrent.FutureTask.run(FutureTask.java:317)
at java.base/java.util.concurrent.ThreadPoolExecutor.runWorker(ThreadPoolExecutor.java:1144)
at java.base/java.util.concurrent.ThreadPoolExecutor$Worker.run(ThreadPoolExecutor.java:642)
at java.base/java.lang.Thread.run(Thread.java:1583)
... Removed 19 stack frames]]>
    </failure>
  </testcase> <!-- @BeforeMethod openApp -->
  <testcase classname="testBase.BaseClass" name="@AfterMethod closeApp" time="0.0">
    <skipped/>
  </testcase> <!-- @AfterMethod closeApp -->
  <testcase classname="testBase.BaseClass" name="@BeforeMethod openApp" time="40.214">
    <failure type="org.openqa.selenium.SessionNotCreatedException" message="Could not start a new session. Response code 500. Message: Error getting device API level. Original error: Error executing adbExec. Original error: &amp;apos;Command &amp;apos;&amp;apos;C:\Users\ACER\AppData\Local\Android\Sdk\platform-tools\adb.exe&amp;apos; -P 5037 -s emulator-5554 shell getprop ro.build.version.sdk&amp;apos; timed out after 20000ms&amp;apos;. Try to increase the 20000ms adb execution timeout represented by &amp;apos;adbExecTimeout&amp;apos; capability 
Host info: host: &amp;apos;LAPTOP-GHM1KK1G&amp;apos;, ip: &amp;apos;192.168.4.31&amp;apos;
Build info: version: &amp;apos;4.40.0&amp;apos;, revision: &amp;apos;b3333f1&amp;apos;
System info: os.name: &amp;apos;Windows 11&amp;apos;, os.arch: &amp;apos;amd64&amp;apos;, os.version: &amp;apos;10.0&amp;apos;, java.version: &amp;apos;21.0.9&amp;apos;
Driver info: io.appium.java_client.android.AndroidDriver
Command: [null, newSession {capabilities=[Capabilities {appium:app: C://Users//ACER//eclipse-wo..., appium:automationName: UiAutomator2, appium:chromedriverExecutable: C://chromedriver-win64//chr..., appium:deviceName: emulator-5554, platformName: ANDROID}]}]
Capabilities {appium:app: C://Users//ACER//eclipse-wo..., appium:automationName: UiAutomator2, appium:chromedriverExecutable: C://chromedriver-win64//chr..., appium:deviceName: emulator-5554, platformName: ANDROID}">
      <![CDATA[org.openqa.selenium.SessionNotCreatedException: Could not start a new session. Response code 500. Message: Error getting device API level. Original error: Error executing adbExec. Original error: 'Command ''C:\Users\ACER\AppData\Local\Android\Sdk\platform-tools\adb.exe' -P 5037 -s emulator-5554 shell getprop ro.build.version.sdk' timed out after 20000ms'. Try to increase the 20000ms adb execution timeout represented by 'adbExecTimeout' capability 
Host info: host: 'LAPTOP-GHM1KK1G', ip: '192.168.4.31'
Build info: version: '4.40.0', revision: 'b3333f1'
System info: os.name: 'Windows 11', os.arch: 'amd64', os.version: '10.0', java.version: '21.0.9'
Driver info: io.appium.java_client.android.AndroidDriver
Command: [null, newSession {capabilities=[Capabilities {appium:app: C://Users//ACER//eclipse-wo..., appium:automationName: UiAutomator2, appium:chromedriverExecutable: C://chromedriver-win64//chr..., appium:deviceName: emulator-5554, platformName: ANDROID}]}]
Capabilities {appium:app: C://Users//ACER//eclipse-wo..., appium:automationName: UiAutomator2, appium:chromedriverExecutable: C://chromedriver-win64//chr..., appium:deviceName: emulator-5554, platformName: ANDROID}
at org.openqa.selenium.remote.ProtocolHandshake.createSession(ProtocolHandshake.java:114)
at org.openqa.selenium.remote.ProtocolHandshake.createSession(ProtocolHandshake.java:75)
at org.openqa.selenium.remote.ProtocolHandshake.createSession(ProtocolHandshake.java:61)
at io.appium.java_client.remote.AppiumCommandExecutor.createSession(AppiumCommandExecutor.java:178)
at io.appium.java_client.remote.AppiumCommandExecutor.execute(AppiumCommandExecutor.java:243)
at org.openqa.selenium.remote.RemoteWebDriver.execute(RemoteWebDriver.java:601)
at io.appium.java_client.AppiumDriver.startSession(AppiumDriver.java:308)
at org.openqa.selenium.remote.RemoteWebDriver.<init>(RemoteWebDriver.java:209)
at org.openqa.selenium.remote.RemoteWebDriver.<init>(RemoteWebDriver.java:195)
at io.appium.java_client.AppiumDriver.<init>(AppiumDriver.java:98)
at io.appium.java_client.AppiumDriver.<init>(AppiumDriver.java:109)
at io.appium.java_client.android.AndroidDriver.<init>(AndroidDriver.java:108)
at testBase.BaseClass.openApp(BaseClass.java:48)
at java.base/java.util.ArrayList.forEach(ArrayList.java:1596)
at java.base/java.util.concurrent.FutureTask.run(FutureTask.java:317)
at java.base/java.util.concurrent.ThreadPoolExecutor.runWorker(ThreadPoolExecutor.java:1144)
at java.base/java.util.concurrent.ThreadPoolExecutor$Worker.run(ThreadPoolExecutor.java:642)
at java.base/java.lang.Thread.run(Thread.java:1583)
... Removed 19 stack frames]]>
    </failure>
  </testcase> <!-- @BeforeMethod openApp -->
  <testcase classname="testBase.BaseClass" name="@AfterMethod closeApp" time="0.0">
    <skipped/>
  </testcase> <!-- @AfterMethod closeApp -->
  <testcase classname="testBase.BaseClass" name="@BeforeMethod openApp" time="40.211">
    <failure type="org.openqa.selenium.SessionNotCreatedException" message="Could not start a new session. Response code 500. Message: Error getting device API level. Original error: Error executing adbExec. Original error: &amp;apos;Command &amp;apos;&amp;apos;C:\Users\ACER\AppData\Local\Android\Sdk\platform-tools\adb.exe&amp;apos; -P 5037 -s emulator-5554 shell getprop ro.build.version.sdk&amp;apos; timed out after 20000ms&amp;apos;. Try to increase the 20000ms adb execution timeout represented by &amp;apos;adbExecTimeout&amp;apos; capability 
Host info: host: &amp;apos;LAPTOP-GHM1KK1G&amp;apos;, ip: &amp;apos;192.168.4.31&amp;apos;
Build info: version: &amp;apos;4.40.0&amp;apos;, revision: &amp;apos;b3333f1&amp;apos;
System info: os.name: &amp;apos;Windows 11&amp;apos;, os.arch: &amp;apos;amd64&amp;apos;, os.version: &amp;apos;10.0&amp;apos;, java.version: &amp;apos;21.0.9&amp;apos;
Driver info: io.appium.java_client.android.AndroidDriver
Command: [null, newSession {capabilities=[Capabilities {appium:app: C://Users//ACER//eclipse-wo..., appium:automationName: UiAutomator2, appium:chromedriverExecutable: C://chromedriver-win64//chr..., appium:deviceName: emulator-5554, platformName: ANDROID}]}]
Capabilities {appium:app: C://Users//ACER//eclipse-wo..., appium:automationName: UiAutomator2, appium:chromedriverExecutable: C://chromedriver-win64//chr..., appium:deviceName: emulator-5554, platformName: ANDROID}">
      <![CDATA[org.openqa.selenium.SessionNotCreatedException: Could not start a new session. Response code 500. Message: Error getting device API level. Original error: Error executing adbExec. Original error: 'Command ''C:\Users\ACER\AppData\Local\Android\Sdk\platform-tools\adb.exe' -P 5037 -s emulator-5554 shell getprop ro.build.version.sdk' timed out after 20000ms'. Try to increase the 20000ms adb execution timeout represented by 'adbExecTimeout' capability 
Host info: host: 'LAPTOP-GHM1KK1G', ip: '192.168.4.31'
Build info: version: '4.40.0', revision: 'b3333f1'
System info: os.name: 'Windows 11', os.arch: 'amd64', os.version: '10.0', java.version: '21.0.9'
Driver info: io.appium.java_client.android.AndroidDriver
Command: [null, newSession {capabilities=[Capabilities {appium:app: C://Users//ACER//eclipse-wo..., appium:automationName: UiAutomator2, appium:chromedriverExecutable: C://chromedriver-win64//chr..., appium:deviceName: emulator-5554, platformName: ANDROID}]}]
Capabilities {appium:app: C://Users//ACER//eclipse-wo..., appium:automationName: UiAutomator2, appium:chromedriverExecutable: C://chromedriver-win64//chr..., appium:deviceName: emulator-5554, platformName: ANDROID}
at org.openqa.selenium.remote.ProtocolHandshake.createSession(ProtocolHandshake.java:114)
at org.openqa.selenium.remote.ProtocolHandshake.createSession(ProtocolHandshake.java:75)
at org.openqa.selenium.remote.ProtocolHandshake.createSession(ProtocolHandshake.java:61)
at io.appium.java_client.remote.AppiumCommandExecutor.createSession(AppiumCommandExecutor.java:178)
at io.appium.java_client.remote.AppiumCommandExecutor.execute(AppiumCommandExecutor.java:243)
at org.openqa.selenium.remote.RemoteWebDriver.execute(RemoteWebDriver.java:601)
at io.appium.java_client.AppiumDriver.startSession(AppiumDriver.java:308)
at org.openqa.selenium.remote.RemoteWebDriver.<init>(RemoteWebDriver.java:209)
at org.openqa.selenium.remote.RemoteWebDriver.<init>(RemoteWebDriver.java:195)
at io.appium.java_client.AppiumDriver.<init>(AppiumDriver.java:98)
at io.appium.java_client.AppiumDriver.<init>(AppiumDriver.java:109)
at io.appium.java_client.android.AndroidDriver.<init>(AndroidDriver.java:108)
at testBase.BaseClass.openApp(BaseClass.java:48)
at java.base/java.util.ArrayList.forEach(ArrayList.java:1596)
at java.base/java.util.concurrent.FutureTask.run(FutureTask.java:317)
at java.base/java.util.concurrent.ThreadPoolExecutor.runWorker(ThreadPoolExecutor.java:1144)
at java.base/java.util.concurrent.ThreadPoolExecutor$Worker.run(ThreadPoolExecutor.java:642)
at java.base/java.lang.Thread.run(Thread.java:1583)
... Removed 19 stack frames]]>
    </failure>
  </testcase> <!-- @BeforeMethod openApp -->
  <testcase classname="testBase.BaseClass" name="@AfterMethod closeApp" time="0.0">
    <skipped/>
  </testcase> <!-- @AfterMethod closeApp -->
  <testcase classname="testBase.BaseClass" name="@BeforeMethod openApp" time="40.194">
    <failure type="org.openqa.selenium.SessionNotCreatedException" message="Could not start a new session. Response code 500. Message: Error getting device API level. Original error: Error executing adbExec. Original error: &amp;apos;Command &amp;apos;&amp;apos;C:\Users\ACER\AppData\Local\Android\Sdk\platform-tools\adb.exe&amp;apos; -P 5037 -s emulator-5554 shell getprop ro.build.version.sdk&amp;apos; timed out after 20000ms&amp;apos;. Try to increase the 20000ms adb execution timeout represented by &amp;apos;adbExecTimeout&amp;apos; capability 
Host info: host: &amp;apos;LAPTOP-GHM1KK1G&amp;apos;, ip: &amp;apos;192.168.4.31&amp;apos;
Build info: version: &amp;apos;4.40.0&amp;apos;, revision: &amp;apos;b3333f1&amp;apos;
System info: os.name: &amp;apos;Windows 11&amp;apos;, os.arch: &amp;apos;amd64&amp;apos;, os.version: &amp;apos;10.0&amp;apos;, java.version: &amp;apos;21.0.9&amp;apos;
Driver info: io.appium.java_client.android.AndroidDriver
Command: [null, newSession {capabilities=[Capabilities {appium:app: C://Users//ACER//eclipse-wo..., appium:automationName: UiAutomator2, appium:chromedriverExecutable: C://chromedriver-win64//chr..., appium:deviceName: emulator-5554, platformName: ANDROID}]}]
Capabilities {appium:app: C://Users//ACER//eclipse-wo..., appium:automationName: UiAutomator2, appium:chromedriverExecutable: C://chromedriver-win64//chr..., appium:deviceName: emulator-5554, platformName: ANDROID}">
      <![CDATA[org.openqa.selenium.SessionNotCreatedException: Could not start a new session. Response code 500. Message: Error getting device API level. Original error: Error executing adbExec. Original error: 'Command ''C:\Users\ACER\AppData\Local\Android\Sdk\platform-tools\adb.exe' -P 5037 -s emulator-5554 shell getprop ro.build.version.sdk' timed out after 20000ms'. Try to increase the 20000ms adb execution timeout represented by 'adbExecTimeout' capability 
Host info: host: 'LAPTOP-GHM1KK1G', ip: '192.168.4.31'
Build info: version: '4.40.0', revision: 'b3333f1'
System info: os.name: 'Windows 11', os.arch: 'amd64', os.version: '10.0', java.version: '21.0.9'
Driver info: io.appium.java_client.android.AndroidDriver
Command: [null, newSession {capabilities=[Capabilities {appium:app: C://Users//ACER//eclipse-wo..., appium:automationName: UiAutomator2, appium:chromedriverExecutable: C://chromedriver-win64//chr..., appium:deviceName: emulator-5554, platformName: ANDROID}]}]
Capabilities {appium:app: C://Users//ACER//eclipse-wo..., appium:automationName: UiAutomator2, appium:chromedriverExecutable: C://chromedriver-win64//chr..., appium:deviceName: emulator-5554, platformName: ANDROID}
at org.openqa.selenium.remote.ProtocolHandshake.createSession(ProtocolHandshake.java:114)
at org.openqa.selenium.remote.ProtocolHandshake.createSession(ProtocolHandshake.java:75)
at org.openqa.selenium.remote.ProtocolHandshake.createSession(ProtocolHandshake.java:61)
at io.appium.java_client.remote.AppiumCommandExecutor.createSession(AppiumCommandExecutor.java:178)
at io.appium.java_client.remote.AppiumCommandExecutor.execute(AppiumCommandExecutor.java:243)
at org.openqa.selenium.remote.RemoteWebDriver.execute(RemoteWebDriver.java:601)
at io.appium.java_client.AppiumDriver.startSession(AppiumDriver.java:308)
at org.openqa.selenium.remote.RemoteWebDriver.<init>(RemoteWebDriver.java:209)
at org.openqa.selenium.remote.RemoteWebDriver.<init>(RemoteWebDriver.java:195)
at io.appium.java_client.AppiumDriver.<init>(AppiumDriver.java:98)
at io.appium.java_client.AppiumDriver.<init>(AppiumDriver.java:109)
at io.appium.java_client.android.AndroidDriver.<init>(AndroidDriver.java:108)
at testBase.BaseClass.openApp(BaseClass.java:48)
at java.base/java.util.ArrayList.forEach(ArrayList.java:1596)
at java.base/java.util.concurrent.FutureTask.run(FutureTask.java:317)
at java.base/java.util.concurrent.ThreadPoolExecutor.runWorker(ThreadPoolExecutor.java:1144)
at java.base/java.util.concurrent.ThreadPoolExecutor$Worker.run(ThreadPoolExecutor.java:642)
at java.base/java.lang.Thread.run(Thread.java:1583)
... Removed 19 stack frames]]>
    </failure>
  </testcase> <!-- @BeforeMethod openApp -->
  <testcase classname="testBase.BaseClass" name="@AfterMethod closeApp" time="0.0">
    <skipped/>
  </testcase> <!-- @AfterMethod closeApp -->
  <testcase classname="testBase.BaseClass" name="@BeforeMethod openApp" time="40.25">
    <failure type="org.openqa.selenium.SessionNotCreatedException" message="Could not start a new session. Response code 500. Message: Error getting device API level. Original error: Error executing adbExec. Original error: &amp;apos;Command &amp;apos;&amp;apos;C:\Users\ACER\AppData\Local\Android\Sdk\platform-tools\adb.exe&amp;apos; -P 5037 -s emulator-5554 shell getprop ro.build.version.sdk&amp;apos; timed out after 20000ms&amp;apos;. Try to increase the 20000ms adb execution timeout represented by &amp;apos;adbExecTimeout&amp;apos; capability 
Host info: host: &amp;apos;LAPTOP-GHM1KK1G&amp;apos;, ip: &amp;apos;192.168.4.31&amp;apos;
Build info: version: &amp;apos;4.40.0&amp;apos;, revision: &amp;apos;b3333f1&amp;apos;
System info: os.name: &amp;apos;Windows 11&amp;apos;, os.arch: &amp;apos;amd64&amp;apos;, os.version: &amp;apos;10.0&amp;apos;, java.version: &amp;apos;21.0.9&amp;apos;
Driver info: io.appium.java_client.android.AndroidDriver
Command: [null, newSession {capabilities=[Capabilities {appium:app: C://Users//ACER//eclipse-wo..., appium:automationName: UiAutomator2, appium:chromedriverExecutable: C://chromedriver-win64//chr..., appium:deviceName: emulator-5554, platformName: ANDROID}]}]
Capabilities {appium:app: C://Users//ACER//eclipse-wo..., appium:automationName: UiAutomator2, appium:chromedriverExecutable: C://chromedriver-win64//chr..., appium:deviceName: emulator-5554, platformName: ANDROID}">
      <![CDATA[org.openqa.selenium.SessionNotCreatedException: Could not start a new session. Response code 500. Message: Error getting device API level. Original error: Error executing adbExec. Original error: 'Command ''C:\Users\ACER\AppData\Local\Android\Sdk\platform-tools\adb.exe' -P 5037 -s emulator-5554 shell getprop ro.build.version.sdk' timed out after 20000ms'. Try to increase the 20000ms adb execution timeout represented by 'adbExecTimeout' capability 
Host info: host: 'LAPTOP-GHM1KK1G', ip: '192.168.4.31'
Build info: version: '4.40.0', revision: 'b3333f1'
System info: os.name: 'Windows 11', os.arch: 'amd64', os.version: '10.0', java.version: '21.0.9'
Driver info: io.appium.java_client.android.AndroidDriver
Command: [null, newSession {capabilities=[Capabilities {appium:app: C://Users//ACER//eclipse-wo..., appium:automationName: UiAutomator2, appium:chromedriverExecutable: C://chromedriver-win64//chr..., appium:deviceName: emulator-5554, platformName: ANDROID}]}]
Capabilities {appium:app: C://Users//ACER//eclipse-wo..., appium:automationName: UiAutomator2, appium:chromedriverExecutable: C://chromedriver-win64//chr..., appium:deviceName: emulator-5554, platformName: ANDROID}
at org.openqa.selenium.remote.ProtocolHandshake.createSession(ProtocolHandshake.java:114)
at org.openqa.selenium.remote.ProtocolHandshake.createSession(ProtocolHandshake.java:75)
at org.openqa.selenium.remote.ProtocolHandshake.createSession(ProtocolHandshake.java:61)
at io.appium.java_client.remote.AppiumCommandExecutor.createSession(AppiumCommandExecutor.java:178)
at io.appium.java_client.remote.AppiumCommandExecutor.execute(AppiumCommandExecutor.java:243)
at org.openqa.selenium.remote.RemoteWebDriver.execute(RemoteWebDriver.java:601)
at io.appium.java_client.AppiumDriver.startSession(AppiumDriver.java:308)
at org.openqa.selenium.remote.RemoteWebDriver.<init>(RemoteWebDriver.java:209)
at org.openqa.selenium.remote.RemoteWebDriver.<init>(RemoteWebDriver.java:195)
at io.appium.java_client.AppiumDriver.<init>(AppiumDriver.java:98)
at io.appium.java_client.AppiumDriver.<init>(AppiumDriver.java:109)
at io.appium.java_client.android.AndroidDriver.<init>(AndroidDriver.java:108)
at testBase.BaseClass.openApp(BaseClass.java:48)
at java.base/java.util.ArrayList.forEach(ArrayList.java:1596)
at java.base/java.util.concurrent.FutureTask.run(FutureTask.java:317)
at java.base/java.util.concurrent.ThreadPoolExecutor.runWorker(ThreadPoolExecutor.java:1144)
at java.base/java.util.concurrent.ThreadPoolExecutor$Worker.run(ThreadPoolExecutor.java:642)
at java.base/java.lang.Thread.run(Thread.java:1583)
... Removed 19 stack frames]]>
    </failure>
  </testcase> <!-- @BeforeMethod openApp -->
  <testcase classname="testBase.BaseClass" name="@AfterMethod closeApp" time="0.0">
    <skipped/>
  </testcase> <!-- @AfterMethod closeApp -->
  <testcase classname="testCases.LetsShopTest" name="letsShopTest" time="0.0">
    <skipped/>
  </testcase> <!-- letsShopTest -->
  <testcase classname="testCases.AddToCartTest" name="addToCartTest" time="0.0">
    <skipped/>
  </testcase> <!-- addToCartTest -->
  <testcase classname="testCases.CompletePurchaseTest" name="completePurchaseTest" time="0.0">
    <skipped/>
  </testcase> <!-- completePurchaseTest -->
  <testcase classname="testCases.ShopSelectingUnitedStatesTest" name="shopSelectingUnitedStatesTest" time="0.0">
    <skipped/>
  </testcase> <!-- shopSelectingUnitedStatesTest -->
  <testcase classname="testCases.ValidateToastMessageTest" name="validateToastMessageTest" time="0.0">
    <skipped/>
  </testcase> <!-- validateToastMessageTest -->
  <testcase classname="testCases.LaunchAppTest" name="launchAppTest" time="0.0">
    <skipped/>
  </testcase> <!-- launchAppTest -->
  <testcase classname="testCases.TermsAndConditionsTest" name="termsAndConditionsTest" time="0.001">
    <skipped/>
  </testcase> <!-- termsAndConditionsTest -->
</testsuite> <!-- Mobile Automation Test Suite -->
