<?xml version="1.0" encoding="UTF-8"?>
<!-- Generated by org.testng.reporters.JUnitXMLReporter -->
<testsuite ignored="0" hostname="LAPTOP-GHM1KK1G" failures="6" tests="21" name="Pixel_5" time="115.657" errors="0" timestamp="2026-02-18T15:12:10 CST">
  <testcase classname="testCases.TC01_LaunchAppTest" name="launchAppTest" time="0.125">
    <skipped/>
  </testcase> <!-- launchAppTest -->
  <testcase classname="testCases.TC01_LaunchAppTest" name="launchAppTest" time="0.018">
    <skipped/>
  </testcase> <!-- launchAppTest -->
  <testcase classname="testCases.TC01_LaunchAppTest" name="launchAppTest" time="0.01">
    <failure type="java.lang.AssertionError" message="Cannot invoke &amp;quot;io.appium.java_client.AppiumDriver.findElement(org.openqa.selenium.By)&amp;quot; because &amp;quot;this.driver&amp;quot; is null">
      <![CDATA[java.lang.AssertionError: Cannot invoke "io.appium.java_client.AppiumDriver.findElement(org.openqa.selenium.By)" because "this.driver" is null
at testCases.TC01_LaunchAppTest.launchAppTest(TC01_LaunchAppTest.java:29)
at java.base/java.util.ArrayList.forEach(ArrayList.java:1596)
at java.base/java.util.concurrent.FutureTask.run(FutureTask.java:317)
at java.base/java.util.concurrent.ThreadPoolExecutor.runWorker(ThreadPoolExecutor.java:1144)
at java.base/java.util.concurrent.ThreadPoolExecutor$Worker.run(ThreadPoolExecutor.java:642)
at java.base/java.lang.Thread.run(Thread.java:1583)
... Removed 16 stack frames]]>
    </failure>
  </testcase> <!-- launchAppTest -->
  <testcase classname="testCases.TC02_ShopSelectingUnitedStatesTest" name="selectUnitedStatesAndVerifyProducts" time="0.027">
    <skipped/>
  </testcase> <!-- selectUnitedStatesAndVerifyProducts -->
  <testcase classname="testCases.TC02_ShopSelectingUnitedStatesTest" name="selectUnitedStatesAndVerifyProducts" time="0.009">
    <skipped/>
  </testcase> <!-- selectUnitedStatesAndVerifyProducts -->
  <testcase classname="testCases.TC02_ShopSelectingUnitedStatesTest" name="selectUnitedStatesAndVerifyProducts" time="0.006">
    <failure type="java.lang.AssertionError" message="Cannot invoke &amp;quot;io.appium.java_client.AppiumDriver.findElement(org.openqa.selenium.By)&amp;quot; because &amp;quot;this.driver&amp;quot; is null">
      <![CDATA[java.lang.AssertionError: Cannot invoke "io.appium.java_client.AppiumDriver.findElement(org.openqa.selenium.By)" because "this.driver" is null
at testCases.TC02_ShopSelectingUnitedStatesTest.selectUnitedStatesAndVerifyProducts(TC02_ShopSelectingUnitedStatesTest.java:47)
at java.base/java.util.ArrayList.forEach(ArrayList.java:1596)
at java.base/java.util.concurrent.FutureTask.run(FutureTask.java:317)
at java.base/java.util.concurrent.ThreadPoolExecutor.runWorker(ThreadPoolExecutor.java:1144)
at java.base/java.util.concurrent.ThreadPoolExecutor$Worker.run(ThreadPoolExecutor.java:642)
at java.base/java.lang.Thread.run(Thread.java:1583)
... Removed 16 stack frames]]>
    </failure>
  </testcase> <!-- selectUnitedStatesAndVerifyProducts -->
  <testcase classname="testCases.TC03_LetsShopTest" name="letsShopTest" time="0.007">
    <skipped/>
  </testcase> <!-- letsShopTest -->
  <testcase classname="testCases.TC03_LetsShopTest" name="letsShopTest" time="0.005">
    <skipped/>
  </testcase> <!-- letsShopTest -->
  <testcase classname="testCases.TC03_LetsShopTest" name="letsShopTest" time="0.003">
    <failure type="java.lang.AssertionError" message="Cannot invoke &amp;quot;io.appium.java_client.AppiumDriver.findElement(org.openqa.selenium.By)&amp;quot; because &amp;quot;this.driver&amp;quot; is null">
      <![CDATA[java.lang.AssertionError: Cannot invoke "io.appium.java_client.AppiumDriver.findElement(org.openqa.selenium.By)" because "this.driver" is null
at testCases.TC03_LetsShopTest.letsShopTest(TC03_LetsShopTest.java:32)
at java.base/java.util.ArrayList.forEach(ArrayList.java:1596)
at java.base/java.util.concurrent.FutureTask.run(FutureTask.java:317)
at java.base/java.util.concurrent.ThreadPoolExecutor.runWorker(ThreadPoolExecutor.java:1144)
at java.base/java.util.concurrent.ThreadPoolExecutor$Worker.run(ThreadPoolExecutor.java:642)
at java.base/java.lang.Thread.run(Thread.java:1583)
... Removed 16 stack frames]]>
    </failure>
  </testcase> <!-- letsShopTest -->
  <testcase classname="testCases.TC04_AddToCartTest" name="addToCartTest" time="0.004">
    <skipped/>
  </testcase> <!-- addToCartTest -->
  <testcase classname="testCases.TC04_AddToCartTest" name="addToCartTest" time="0.01">
    <skipped/>
  </testcase> <!-- addToCartTest -->
  <testcase classname="testCases.TC04_AddToCartTest" name="addToCartTest" time="0.003">
    <failure type="java.lang.AssertionError" message="Cannot invoke &amp;quot;io.appium.java_client.AppiumDriver.findElement(org.openqa.selenium.By)&amp;quot; because &amp;quot;this.driver&amp;quot; is null">
      <![CDATA[java.lang.AssertionError: Cannot invoke "io.appium.java_client.AppiumDriver.findElement(org.openqa.selenium.By)" because "this.driver" is null
at testCases.TC04_AddToCartTest.addToCartTest(TC04_AddToCartTest.java:51)
at java.base/java.util.ArrayList.forEach(ArrayList.java:1596)
at java.base/java.util.concurrent.FutureTask.run(FutureTask.java:317)
at java.base/java.util.concurrent.ThreadPoolExecutor.runWorker(ThreadPoolExecutor.java:1144)
at java.base/java.util.concurrent.ThreadPoolExecutor$Worker.run(ThreadPoolExecutor.java:642)
at java.base/java.lang.Thread.run(Thread.java:1583)
... Removed 16 stack frames]]>
    </failure>
  </testcase> <!-- addToCartTest -->
  <testcase classname="testCases.TC05_CompletePurchaseTest" name="completePurchaseTest" time="0.008">
    <skipped/>
  </testcase> <!-- completePurchaseTest -->
  <testcase classname="testCases.TC05_CompletePurchaseTest" name="completePurchaseTest" time="0.003">
    <skipped/>
  </testcase> <!-- completePurchaseTest -->
  <testcase classname="testCases.TC05_CompletePurchaseTest" name="completePurchaseTest" time="0.004">
    <failure type="java.lang.NullPointerException" message="Cannot invoke &amp;quot;org.openqa.selenium.TakesScreenshot.getScreenshotAs(org.openqa.selenium.OutputType)&amp;quot; because &amp;quot;driver&amp;quot; is null">
      <![CDATA[java.lang.NullPointerException: Cannot invoke "org.openqa.selenium.TakesScreenshot.getScreenshotAs(org.openqa.selenium.OutputType)" because "driver" is null
at utilities.ScreenshotUtil.takeScreenshot(ScreenshotUtil.java:32)
at testCases.TC05_CompletePurchaseTest.completePurchaseTest(TC05_CompletePurchaseTest.java:91)
at java.base/java.util.ArrayList.forEach(ArrayList.java:1596)
at java.base/java.util.concurrent.FutureTask.run(FutureTask.java:317)
at java.base/java.util.concurrent.ThreadPoolExecutor.runWorker(ThreadPoolExecutor.java:1144)
at java.base/java.util.concurrent.ThreadPoolExecutor$Worker.run(ThreadPoolExecutor.java:642)
at java.base/java.lang.Thread.run(Thread.java:1583)
... Removed 15 stack frames]]>
    </failure>
  </testcase> <!-- completePurchaseTest -->
  <testcase classname="testCases.TC06_TermsAndConditionsTest" name="verifyTermsAndConditions" time="27.65">
    <skipped/>
  </testcase> <!-- verifyTermsAndConditions -->
  <testcase classname="testCases.TC06_TermsAndConditionsTest" name="verifyTermsAndConditions" time="40.339">
    <skipped/>
  </testcase> <!-- verifyTermsAndConditions -->
  <testcase classname="testCases.TC06_TermsAndConditionsTest" name="verifyTermsAndConditions" time="47.106"/>
  <testcase classname="testCases.TC07_ValidateToastMessageTest" name="validateToastMessageTest" time="0.011">
    <skipped/>
  </testcase> <!-- validateToastMessageTest -->
  <testcase classname="testCases.TC07_ValidateToastMessageTest" name="validateToastMessageTest" time="0.005">
    <skipped/>
  </testcase> <!-- validateToastMessageTest -->
  <testcase classname="testCases.TC07_ValidateToastMessageTest" name="validateToastMessageTest" time="0.002">
    <failure type="java.lang.AssertionError" message="Cannot invoke &amp;quot;io.appium.java_client.AppiumDriver.findElement(org.openqa.selenium.By)&amp;quot; because &amp;quot;this.driver&amp;quot; is null">
      <![CDATA[java.lang.AssertionError: Cannot invoke "io.appium.java_client.AppiumDriver.findElement(org.openqa.selenium.By)" because "this.driver" is null
at testCases.TC07_ValidateToastMessageTest.validateToastMessageTest(TC07_ValidateToastMessageTest.java:43)
at java.base/java.util.ArrayList.forEach(ArrayList.java:1596)
at java.base/java.util.concurrent.FutureTask.run(FutureTask.java:317)
at java.base/java.util.concurrent.ThreadPoolExecutor.runWorker(ThreadPoolExecutor.java:1144)
at java.base/java.util.concurrent.ThreadPoolExecutor$Worker.run(ThreadPoolExecutor.java:642)
at java.base/java.lang.Thread.run(Thread.java:1583)
... Removed 16 stack frames]]>
    </failure>
  </testcase> <!-- validateToastMessageTest -->
</testsuite> <!-- Pixel_5 -->
