<?xml version="1.0" encoding="UTF-8"?>
<!-- Generated by org.testng.reporters.JUnitXMLReporter -->
<testsuite ignored="0" hostname="LAPTOP-GHM1KK1G" failures="7" tests="21" name="Pixel_9" time="69.015" errors="0" timestamp="2026-02-18T15:11:26 CST">
  <testcase classname="testCases.TC01_LaunchAppTest" name="launchAppTest" time="0.125">
    <skipped/>
  </testcase> <!-- launchAppTest -->
  <testcase classname="testCases.TC01_LaunchAppTest" name="launchAppTest" time="0.01">
    <skipped/>
  </testcase> <!-- launchAppTest -->
  <testcase classname="testCases.TC01_LaunchAppTest" name="launchAppTest" time="0.017">
    <failure type="java.lang.AssertionError" message="Cannot invoke &amp;quot;io.appium.java_client.AppiumDriver.findElement(org.openqa.selenium.By)&amp;quot; because &amp;quot;this.driver&amp;quot; is null">
      <![CDATA[java.lang.AssertionError: Cannot invoke "io.appium.java_client.AppiumDriver.findElement(org.openqa.selenium.By)" because "this.driver" is null
at testCases.TC01_LaunchAppTest.launchAppTest(TC01_LaunchAppTest.java:29)
at java.base/java.util.ArrayList.forEach(ArrayList.java:1596)
at java.base/java.util.concurrent.FutureTask.run(FutureTask.java:317)
at java.base/java.util.concurrent.ThreadPoolExecutor.runWorker(ThreadPoolExecutor.java:1144)
at java.base/java.util.concurrent.ThreadPoolExecutor$Worker.run(ThreadPoolExecutor.java:642)
at java.base/java.lang.Thread.run(Thread.java:1583)
... Removed 16 stack frames]]>
    </failure>
  </testcase> <!-- launchAppTest -->
  <testcase classname="testCases.TC02_ShopSelectingUnitedStatesTest" name="selectUnitedStatesAndVerifyProducts" time="0.012">
    <skipped/>
  </testcase> <!-- selectUnitedStatesAndVerifyProducts -->
  <testcase classname="testCases.TC02_ShopSelectingUnitedStatesTest" name="selectUnitedStatesAndVerifyProducts" time="0.008">
    <skipped/>
  </testcase> <!-- selectUnitedStatesAndVerifyProducts -->
  <testcase classname="testCases.TC02_ShopSelectingUnitedStatesTest" name="selectUnitedStatesAndVerifyProducts" time="0.01">
    <failure type="java.lang.AssertionError" message="Cannot invoke &amp;quot;io.appium.java_client.AppiumDriver.findElement(org.openqa.selenium.By)&amp;quot; because &amp;quot;this.driver&amp;quot; is null">
      <![CDATA[java.lang.AssertionError: Cannot invoke "io.appium.java_client.AppiumDriver.findElement(org.openqa.selenium.By)" because "this.driver" is null
at testCases.TC02_ShopSelectingUnitedStatesTest.selectUnitedStatesAndVerifyProducts(TC02_ShopSelectingUnitedStatesTest.java:47)
at java.base/java.util.ArrayList.forEach(ArrayList.java:1596)
at java.base/java.util.concurrent.FutureTask.run(FutureTask.java:317)
at java.base/java.util.concurrent.ThreadPoolExecutor.runWorker(ThreadPoolExecutor.java:1144)
at java.base/java.util.concurrent.ThreadPoolExecutor$Worker.run(ThreadPoolExecutor.java:642)
at java.base/java.lang.Thread.run(Thread.java:1583)
... Removed 16 stack frames]]>
    </failure>
  </testcase> <!-- selectUnitedStatesAndVerifyProducts -->
  <testcase classname="testCases.TC03_LetsShopTest" name="letsShopTest" time="0.009">
    <skipped/>
  </testcase> <!-- letsShopTest -->
  <testcase classname="testCases.TC03_LetsShopTest" name="letsShopTest" time="0.006">
    <skipped/>
  </testcase> <!-- letsShopTest -->
  <testcase classname="testCases.TC03_LetsShopTest" name="letsShopTest" time="0.011">
    <failure type="java.lang.AssertionError" message="Cannot invoke &amp;quot;io.appium.java_client.AppiumDriver.findElement(org.openqa.selenium.By)&amp;quot; because &amp;quot;this.driver&amp;quot; is null">
      <![CDATA[java.lang.AssertionError: Cannot invoke "io.appium.java_client.AppiumDriver.findElement(org.openqa.selenium.By)" because "this.driver" is null
at testCases.TC03_LetsShopTest.letsShopTest(TC03_LetsShopTest.java:32)
at java.base/java.util.ArrayList.forEach(ArrayList.java:1596)
at java.base/java.util.concurrent.FutureTask.run(FutureTask.java:317)
at java.base/java.util.concurrent.ThreadPoolExecutor.runWorker(ThreadPoolExecutor.java:1144)
at java.base/java.util.concurrent.ThreadPoolExecutor$Worker.run(ThreadPoolExecutor.java:642)
at java.base/java.lang.Thread.run(Thread.java:1583)
... Removed 16 stack frames]]>
    </failure>
  </testcase> <!-- letsShopTest -->
  <testcase classname="testCases.TC04_AddToCartTest" name="addToCartTest" time="0.003">
    <skipped/>
  </testcase> <!-- addToCartTest -->
  <testcase classname="testCases.TC04_AddToCartTest" name="addToCartTest" time="0.004">
    <skipped/>
  </testcase> <!-- addToCartTest -->
  <testcase classname="testCases.TC04_AddToCartTest" name="addToCartTest" time="0.002">
    <failure type="java.lang.AssertionError" message="Cannot invoke &amp;quot;io.appium.java_client.AppiumDriver.findElement(org.openqa.selenium.By)&amp;quot; because &amp;quot;this.driver&amp;quot; is null">
      <![CDATA[java.lang.AssertionError: Cannot invoke "io.appium.java_client.AppiumDriver.findElement(org.openqa.selenium.By)" because "this.driver" is null
at testCases.TC04_AddToCartTest.addToCartTest(TC04_AddToCartTest.java:51)
at java.base/java.util.ArrayList.forEach(ArrayList.java:1596)
at java.base/java.util.concurrent.FutureTask.run(FutureTask.java:317)
at java.base/java.util.concurrent.ThreadPoolExecutor.runWorker(ThreadPoolExecutor.java:1144)
at java.base/java.util.concurrent.ThreadPoolExecutor$Worker.run(ThreadPoolExecutor.java:642)
at java.base/java.lang.Thread.run(Thread.java:1583)
... Removed 16 stack frames]]>
    </failure>
  </testcase> <!-- addToCartTest -->
  <testcase classname="testCases.TC05_CompletePurchaseTest" name="completePurchaseTest" time="0.012">
    <skipped/>
  </testcase> <!-- completePurchaseTest -->
  <testcase classname="testCases.TC05_CompletePurchaseTest" name="completePurchaseTest" time="0.002">
    <skipped/>
  </testcase> <!-- completePurchaseTest -->
  <testcase classname="testCases.TC05_CompletePurchaseTest" name="completePurchaseTest" time="0.003">
    <failure type="java.lang.NullPointerException" message="Cannot invoke &amp;quot;org.openqa.selenium.TakesScreenshot.getScreenshotAs(org.openqa.selenium.OutputType)&amp;quot; because &amp;quot;driver&amp;quot; is null">
      <![CDATA[java.lang.NullPointerException: Cannot invoke "org.openqa.selenium.TakesScreenshot.getScreenshotAs(org.openqa.selenium.OutputType)" because "driver" is null
at utilities.ScreenshotUtil.takeScreenshot(ScreenshotUtil.java:32)
at testCases.TC05_CompletePurchaseTest.completePurchaseTest(TC05_CompletePurchaseTest.java:91)
at java.base/java.util.ArrayList.forEach(ArrayList.java:1596)
at java.base/java.util.concurrent.FutureTask.run(FutureTask.java:317)
at java.base/java.util.concurrent.ThreadPoolExecutor.runWorker(ThreadPoolExecutor.java:1144)
at java.base/java.util.concurrent.ThreadPoolExecutor$Worker.run(ThreadPoolExecutor.java:642)
at java.base/java.lang.Thread.run(Thread.java:1583)
... Removed 15 stack frames]]>
    </failure>
  </testcase> <!-- completePurchaseTest -->
  <testcase classname="testCases.TC06_TermsAndConditionsTest" name="verifyTermsAndConditions" time="26.185">
    <skipped/>
  </testcase> <!-- verifyTermsAndConditions -->
  <testcase classname="testCases.TC06_TermsAndConditionsTest" name="verifyTermsAndConditions" time="23.483">
    <skipped/>
  </testcase> <!-- verifyTermsAndConditions -->
  <testcase classname="testCases.TC06_TermsAndConditionsTest" name="verifyTermsAndConditions" time="18.726">
    <failure type="org.openqa.selenium.WebDriverException" message="Could not proxy command to the remote server. Original error: socket hang up
Build info: version: &amp;apos;4.40.0&amp;apos;, revision: &amp;apos;b3333f1&amp;apos;
System info: os.name: &amp;apos;Windows 11&amp;apos;, os.arch: &amp;apos;amd64&amp;apos;, os.version: &amp;apos;10.0&amp;apos;, java.version: &amp;apos;21.0.9&amp;apos;
Driver info: io.appium.java_client.android.AndroidDriver
Command: [0d0ed680-9144-47ee-8d9f-f39a3cb05017, findElement {using=-android uiautomator, value=new UiSelector().resourceId(&amp;quot;com.androidsample.generalstore:id/nameField&amp;quot;)}]
Capabilities {appium:app: C://Users//ACER//eclipse-wo..., appium:appActivity: com.androidsample.generalst..., appium:appPackage: com.androidsample.generalstore, appium:automationName: UIAutomator2, appium:databaseEnabled: false, appium:desired: {app: C://Users//ACER//eclipse-wo..., automationName: UIAutomator2, deviceName: emulator-5554, platformName: ANDROID}, appium:deviceApiLevel: 36, appium:deviceManufacturer: Google, appium:deviceModel: sdk_gphone64_x86_64, appium:deviceName: emulator-5554, appium:deviceScreenDensity: 440, appium:deviceScreenSize: 1080x2340, appium:deviceUDID: emulator-5554, appium:javascriptEnabled: true, appium:locationContextEnabled: false, appium:networkConnectionEnabled: true, appium:pixelRatio: 2.75, appium:platformVersion: 16, appium:statBarHeight: 145, appium:takesScreenshot: true, appium:viewportRect: {height: 2195, left: 0, top: 145, width: 1080}, appium:warnings: {}, appium:webStorageEnabled: false, platformName: ANDROID}
Session ID: 0d0ed680-9144-47ee-8d9f-f39a3cb05017">
      <![CDATA[org.openqa.selenium.WebDriverException: Could not proxy command to the remote server. Original error: socket hang up
Build info: version: '4.40.0', revision: 'b3333f1'
System info: os.name: 'Windows 11', os.arch: 'amd64', os.version: '10.0', java.version: '21.0.9'
Driver info: io.appium.java_client.android.AndroidDriver
Command: [0d0ed680-9144-47ee-8d9f-f39a3cb05017, findElement {using=-android uiautomator, value=new UiSelector().resourceId("com.androidsample.generalstore:id/nameField")}]
Capabilities {appium:app: C://Users//ACER//eclipse-wo..., appium:appActivity: com.androidsample.generalst..., appium:appPackage: com.androidsample.generalstore, appium:automationName: UIAutomator2, appium:databaseEnabled: false, appium:desired: {app: C://Users//ACER//eclipse-wo..., automationName: UIAutomator2, deviceName: emulator-5554, platformName: ANDROID}, appium:deviceApiLevel: 36, appium:deviceManufacturer: Google, appium:deviceModel: sdk_gphone64_x86_64, appium:deviceName: emulator-5554, appium:deviceScreenDensity: 440, appium:deviceScreenSize: 1080x2340, appium:deviceUDID: emulator-5554, appium:javascriptEnabled: true, appium:locationContextEnabled: false, appium:networkConnectionEnabled: true, appium:pixelRatio: 2.75, appium:platformVersion: 16, appium:statBarHeight: 145, appium:takesScreenshot: true, appium:viewportRect: {height: 2195, left: 0, top: 145, width: 1080}, appium:warnings: {}, appium:webStorageEnabled: false, platformName: ANDROID}
Session ID: 0d0ed680-9144-47ee-8d9f-f39a3cb05017
at org.openqa.selenium.remote.ErrorCodec.decode(ErrorCodec.java:169)
at org.openqa.selenium.remote.codec.w3c.W3CHttpResponseCodec.decode(W3CHttpResponseCodec.java:142)
at org.openqa.selenium.remote.codec.w3c.W3CHttpResponseCodec.decode(W3CHttpResponseCodec.java:49)
at org.openqa.selenium.remote.HttpCommandExecutor.execute(HttpCommandExecutor.java:223)
at io.appium.java_client.remote.AppiumCommandExecutor.execute(AppiumCommandExecutor.java:243)
at org.openqa.selenium.remote.RemoteWebDriver.execute(RemoteWebDriver.java:601)
at org.openqa.selenium.remote.ElementLocation$ElementFinder$2.findElement(ElementLocation.java:166)
at org.openqa.selenium.remote.ElementLocation.findElement(ElementLocation.java:67)
at org.openqa.selenium.remote.RemoteWebDriver.findElement(RemoteWebDriver.java:424)
at org.openqa.selenium.remote.RemoteWebDriver.findElement(RemoteWebDriver.java:418)
at testCases.TC06_TermsAndConditionsTest.verifyTermsAndConditions(TC06_TermsAndConditionsTest.java:33)
at java.base/java.util.ArrayList.forEach(ArrayList.java:1596)
at java.base/java.util.concurrent.FutureTask.run(FutureTask.java:317)
at java.base/java.util.concurrent.ThreadPoolExecutor.runWorker(ThreadPoolExecutor.java:1144)
at java.base/java.util.concurrent.ThreadPoolExecutor$Worker.run(ThreadPoolExecutor.java:642)
at java.base/java.lang.Thread.run(Thread.java:1583)
... Removed 15 stack frames]]>
    </failure>
  </testcase> <!-- verifyTermsAndConditions -->
  <testcase classname="testCases.TC07_ValidateToastMessageTest" name="validateToastMessageTest" time="0.032">
    <skipped/>
  </testcase> <!-- validateToastMessageTest -->
  <testcase classname="testCases.TC07_ValidateToastMessageTest" name="validateToastMessageTest" time="0.004">
    <skipped/>
  </testcase> <!-- validateToastMessageTest -->
  <testcase classname="testCases.TC07_ValidateToastMessageTest" name="validateToastMessageTest" time="0.005">
    <failure type="java.lang.AssertionError" message="Cannot invoke &amp;quot;io.appium.java_client.AppiumDriver.findElement(org.openqa.selenium.By)&amp;quot; because &amp;quot;this.driver&amp;quot; is null">
      <![CDATA[java.lang.AssertionError: Cannot invoke "io.appium.java_client.AppiumDriver.findElement(org.openqa.selenium.By)" because "this.driver" is null
at testCases.TC07_ValidateToastMessageTest.validateToastMessageTest(TC07_ValidateToastMessageTest.java:43)
at java.base/java.util.ArrayList.forEach(ArrayList.java:1596)
at java.base/java.util.concurrent.FutureTask.run(FutureTask.java:317)
at java.base/java.util.concurrent.ThreadPoolExecutor.runWorker(ThreadPoolExecutor.java:1144)
at java.base/java.util.concurrent.ThreadPoolExecutor$Worker.run(ThreadPoolExecutor.java:642)
at java.base/java.lang.Thread.run(Thread.java:1583)
... Removed 16 stack frames]]>
    </failure>
  </testcase> <!-- validateToastMessageTest -->
</testsuite> <!-- Pixel_9 -->
